<?xml version="1.0" encoding="UTF-8"?>
<!-- Generated by org.testng.reporters.JUnitReportReporter -->
<testsuite hostname="LAPTOP-0F9G0NRM" failures="0" tests="1" name="pruebautomatizacion.pruebas.AgregarNuevaTareaPrueba" time="9.135" errors="0" timestamp="2024-07-17T10:25:37 COT" skipped="0">
  <testcase classname="pruebautomatizacion.pruebas.AgregarNuevaTareaPrueba" name="validarTarea" time="9.135"/>
</testsuite> <!-- pruebautomatizacion.pruebas.AgregarNuevaTareaPrueba -->
