<?xml version="1.0" encoding="UTF-8"?>
<!-- Generated by org.testng.reporters.JUnitReportReporter -->
<testsuite hostname="LAPTOP-0F9G0NRM" failures="0" tests="1" name="testAutomation.test.ElimitarTarea" time="15.953" errors="0" timestamp="2024-07-20T21:54:21 COT" skipped="0">
  <testcase classname="testAutomation.test.ElimitarTarea" name="eliminaTarea" time="15.953"/>
</testsuite> <!-- testAutomation.test.ElimitarTarea -->
