<?xml version="1.0" encoding="UTF-8"?>
<!-- Generated by org.testng.reporters.JUnitReportReporter -->
<testsuite hostname="LAPTOP-0F9G0NRM" failures="0" tests="1" name="testAutomation.test.AgregarNuevaTareaPrueba" time="15.734" errors="0" timestamp="2024-07-20T22:19:14 COT" skipped="0">
  <testcase classname="testAutomation.test.AgregarNuevaTareaPrueba" name="agregarNuevaTarea" time="15.734"/>
</testsuite> <!-- testAutomation.test.AgregarNuevaTareaPrueba -->
