<?xml version="1.0" encoding="UTF-8"?>
<!-- Generated by org.testng.reporters.JUnitReportReporter -->
<testsuite hostname="LAPTOP-0F9G0NRM" failures="0" tests="1" name="pruebautomatizacion.pruebas.TareaPruebas" time="12.143" errors="0" timestamp="2024-07-16T14:58:53 COT" skipped="0">
  <testcase classname="pruebautomatizacion.pruebas.TareaPruebas" name="tarea" time="12.143"/>
</testsuite> <!-- pruebautomatizacion.pruebas.TareaPruebas -->
