<?xml version="1.0" encoding="UTF-8"?>
<!-- Generated by org.testng.reporters.JUnitReportReporter -->
<testsuite hostname="LAPTOP-0F9G0NRM" failures="0" tests="1" name="pruebautomatizacion.pruebas.ModificarTareaPrueba" time="13.372" errors="0" timestamp="2024-07-19T12:51:24 COT" skipped="0">
  <testcase classname="pruebautomatizacion.pruebas.ModificarTareaPrueba" name="modificarTareaPrueba" time="13.372"/>
</testsuite> <!-- pruebautomatizacion.pruebas.ModificarTareaPrueba -->
